<?xml version="1.0" encoding="UTF-8"?>
<!-- Generated by org.testng.reporters.JUnitReportReporter -->
<testsuite hostname="DESKTOP-VBPJHK5" failures="0" tests="1" name="testngss.Webbtable" time="36.235" errors="0" timestamp="2023-08-16T12:02:13 IST" skipped="0">
  <testcase classname="testngss.Webbtable" name="test1" time="36.235"/>
</testsuite> <!-- testngss.Webbtable -->
