<?xml version="1.0" encoding="UTF-8"?>
<!-- Generated by org.testng.reporters.JUnitReportReporter -->
<testsuite hostname="DESKTOP-VBPJHK5" failures="0" tests="1" name="isuitelistener.Testclass2" time="0.007" errors="0" timestamp="2023-08-31T13:00:33 IST" skipped="0">
  <testcase classname="isuitelistener.Testclass2" name="testpack2" time="0.007"/>
</testsuite> <!-- isuitelistener.Testclass2 -->
