<?xml version="1.0" encoding="UTF-8"?>
<!-- Generated by org.testng.reporters.JUnitReportReporter -->
<testsuite hostname="DESKTOP-VBPJHK5" failures="0" tests="2" name="testngss.Test1" time="16.627" errors="0" timestamp="2023-08-16T10:19:17 IST" skipped="0">
  <testcase classname="testngss.Test1" name="testgoogle" time="10.255"/>
  <testcase classname="testngss.Test1" name="testfacebook" time="6.372"/>
</testsuite> <!-- testngss.Test1 -->
